d:\прога\файлы\я\8\project7\project7\x64\debug\vc143.pdb
d:\прога\файлы\я\8\project7\project7\x64\debug\.netframework,version=v4.7.2.assemblyattributes.obj
d:\прога\файлы\я\8\project7\project7\x64\debug\wins.obj
d:\прога\файлы\я\8\project7\project7\x64\debug\myform.obj
d:\прога\файлы\я\8\project7\project7\x64\debug\diccreate.obj
d:\прога\файлы\я\8\project7\project7\x64\debug\dicchoice.obj
d:\прога\файлы\я\8\project7\x64\debug\project7.exe
d:\прога\файлы\я\8\project7\x64\debug\project7.pdb
d:\прога\файлы\я\8\project7\project7\x64\debug\myform1.obj
d:\прога\файлы\я\8\project7\project7\x64\debug\project7.tlog\cl.command.1.tlog
d:\прога\файлы\я\8\project7\project7\x64\debug\project7.tlog\cl.items.tlog
d:\прога\файлы\я\8\project7\project7\x64\debug\project7.tlog\cl.read.1.tlog
d:\прога\файлы\я\8\project7\project7\x64\debug\project7.tlog\cl.write.1.tlog
d:\прога\файлы\я\8\project7\project7\x64\debug\project7.tlog\link.command.1.tlog
d:\прога\файлы\я\8\project7\project7\x64\debug\project7.tlog\link.read.1.tlog
d:\прога\файлы\я\8\project7\project7\x64\debug\project7.tlog\link.secondary.1.tlog
d:\прога\файлы\я\8\project7\project7\x64\debug\project7.tlog\link.write.1.tlog
d:\прога\файлы\я\8\project7\project7\x64\debug\project7.tlog\metagen.read.1.tlog
d:\прога\файлы\я\8\project7\project7\x64\debug\project7.tlog\metagen.write.1.tlog
d:\прога\файлы\я\8\project7\project7\x64\debug\project7.tlog\resgen.command.1.tlog
d:\прога\файлы\я\8\project7\project7\x64\debug\project7.tlog\resgen.read.1.tlog
d:\прога\файлы\я\8\project7\project7\x64\debug\project7.tlog\resgen.write.1.tlog
